TN:
SF:src/AuthContext.tsx
FNF:0
FNH:0
DA:3,0
LF:1
LH:0
BRF:0
BRH:0
end_of_record
TN:
SF:src/components/Welcome.tsx
FN:9,(anonymous_0)
FNF:1
FNH:0
FNDA:0,(anonymous_0)
DA:9,0
DA:10,0
DA:15,0
LF:3
LH:0
BRF:0
BRH:0
end_of_record
TN:
SF:src/components/Forms/Button/index.tsx
FN:10,Button
FNF:1
FNH:1
FNDA:10,Button
DA:11,10
LF:1
LH:1
BRF:0
BRH:0
end_of_record
TN:
SF:src/components/Forms/CatergorySelectButton/index.tsx
FN:15,CategorySelectButton
FNF:1
FNH:1
FNDA:6,CategorySelectButton
DA:20,6
LF:1
LH:1
BRF:0
BRH:0
end_of_record
TN:
SF:src/components/Forms/Input/index.tsx
FN:10,Input
FNF:1
FNH:1
FNDA:13,Input
DA:11,13
LF:1
LH:1
BRDA:10,0,0,12
BRF:1
BRH:1
end_of_record
TN:
SF:src/components/Forms/InputForm/index.tsx
FN:14,InputForm
FN:25,(anonymous_1)
FNF:2
FNH:2
FNDA:12,InputForm
FNDA:12,(anonymous_1)
DA:20,12
DA:25,12
LF:2
LH:2
BRDA:30,0,0,12
BRDA:30,0,1,0
BRF:2
BRH:1
end_of_record
TN:
SF:src/components/Forms/TransactionTypeButton/index.tsx
FN:21,TransactionTypeButton
FNF:1
FNH:1
FNDA:12,TransactionTypeButton
DA:16,1
DA:23,12
LF:2
LH:2
BRF:0
BRH:0
end_of_record
TN:
SF:src/components/HighlightCard/index.tsx
FN:25,HighlightCard
FNF:1
FNH:0
FNDA:0,HighlightCard
DA:19,0
DA:26,0
LF:2
LH:0
BRF:0
BRH:0
end_of_record
TN:
SF:src/components/HighlightCard/styles.tsx
FN:10,(anonymous_0)
FN:27,(anonymous_1)
FN:29,(anonymous_2)
FN:36,(anonymous_3)
FN:37,(anonymous_4)
FN:39,(anonymous_5)
FN:40,(anonymous_6)
FN:42,(anonymous_7)
FN:43,(anonymous_8)
FN:50,(anonymous_9)
FN:52,(anonymous_10)
FN:59,(anonymous_11)
FN:61,(anonymous_12)
FNF:13
FNH:0
FNDA:0,(anonymous_0)
FNDA:0,(anonymous_1)
FNDA:0,(anonymous_2)
FNDA:0,(anonymous_3)
FNDA:0,(anonymous_4)
FNDA:0,(anonymous_5)
FNDA:0,(anonymous_6)
FNDA:0,(anonymous_7)
FNDA:0,(anonymous_8)
FNDA:0,(anonymous_9)
FNDA:0,(anonymous_10)
FNDA:0,(anonymous_11)
FNDA:0,(anonymous_12)
DA:9,0
DA:11,0
DA:21,0
DA:26,0
DA:27,0
DA:30,0
DA:34,0
DA:36,0
DA:37,0
DA:39,0
DA:40,0
DA:42,0
DA:43,0
DA:47,0
DA:49,0
DA:50,0
DA:53,0
DA:58,0
DA:59,0
DA:62,0
LF:20
LH:0
BRDA:11,0,0,0
BRDA:11,0,1,0
BRDA:30,1,0,0
BRDA:30,1,1,0
BRDA:36,2,0,0
BRDA:36,2,1,0
BRDA:39,3,0,0
BRDA:39,3,1,0
BRDA:42,4,0,0
BRDA:42,4,1,0
BRDA:53,5,0,0
BRDA:53,5,1,0
BRDA:62,6,0,0
BRDA:62,6,1,0
BRF:14
BRH:0
end_of_record
TN:
SF:src/components/HistoryCard/index.tsx
FN:11,HistoryCard
FNF:1
FNH:0
FNDA:0,HistoryCard
DA:12,0
LF:1
LH:0
BRF:0
BRH:0
end_of_record
TN:
SF:src/components/SignInSocialButton/index.tsx
FN:15,SignInSocialButton
FNF:1
FNH:0
FNDA:0,SignInSocialButton
DA:19,0
LF:1
LH:0
BRF:0
BRH:0
end_of_record
TN:
SF:src/components/TransactionCard/index.tsx
FN:27,TransactionCard
FN:30,(anonymous_1)
FNF:2
FNH:0
FNDA:0,TransactionCard
FNDA:0,(anonymous_1)
DA:29,0
DA:30,0
DA:33,0
LF:3
LH:0
BRDA:37,0,0,0
BRDA:37,0,1,0
BRF:2
BRH:0
end_of_record
TN:
SF:src/hooks/auth.tsx
FN:42,AuthProvider
FN:46,(anonymous_1)
FN:47,loadUserStoragedDate
FN:63,signInWithGoogle
FN:92,signInWithApple
FN:116,signOut
FN:123,useAuth
FNF:7
FNH:5
FNDA:12,AuthProvider
FNDA:6,(anonymous_1)
FNDA:6,loadUserStoragedDate
FNDA:2,signInWithGoogle
FNDA:0,signInWithApple
FNDA:0,signOut
FNDA:14,useAuth
DA:9,2
DA:10,2
DA:11,2
DA:40,2
DA:43,12
DA:44,12
DA:46,12
DA:48,6
DA:49,6
DA:50,1
DA:51,1
DA:53,6
DA:55,6
DA:58,12
DA:64,2
DA:66,2
DA:68,2
DA:69,2
DA:70,2
DA:71,2
DA:72,2
DA:73,2
DA:74,2
DA:75,2
DA:76,1
DA:82,1
DA:83,1
DA:87,1
DA:88,1
DA:93,0
DA:94,0
DA:100,0
DA:101,0
DA:107,0
DA:108,0
DA:112,0
DA:117,0
DA:118,0
DA:124,14
DA:125,14
LF:40
LH:31
BRDA:42,0,0,8
BRDA:49,1,0,1
BRDA:49,1,1,5
BRDA:73,2,0,2
BRDA:73,2,1,0
BRDA:100,3,0,0
BRDA:100,3,1,0
BRDA:100,4,0,0
BRDA:100,4,1,0
BRDA:100,4,2,0
BRF:10
BRH:4
end_of_record
TN:
SF:src/routes/app.routes.tsx
FN:12,AppRoutes
FN:27,(anonymous_1)
FN:28,(anonymous_2)
FN:29,(anonymous_3)
FNF:4
FNH:0
FNDA:0,AppRoutes
FNDA:0,(anonymous_1)
FNDA:0,(anonymous_2)
FNDA:0,(anonymous_3)
DA:6,0
DA:13,0
DA:14,0
DA:27,0
DA:28,0
DA:29,0
LF:6
LH:0
BRDA:23,0,0,0
BRDA:23,0,1,0
BRF:2
BRH:0
end_of_record
TN:
SF:src/routes/auth.routes.tsx
FN:7,AuthRoutes
FNF:1
FNH:0
FNDA:0,AuthRoutes
DA:5,0
DA:8,0
LF:2
LH:0
BRF:0
BRH:0
end_of_record
TN:
SF:src/routes/index.tsx
FN:7,Routes
FNF:1
FNH:0
FNDA:0,Routes
DA:8,0
DA:9,0
DA:10,0
LF:3
LH:0
BRDA:12,0,0,0
BRDA:12,0,1,0
BRF:2
BRH:0
end_of_record
TN:
SF:src/screens/CategorySelect/index.tsx
FN:27,(anonymous_0)
FN:35,handleCategorySelect
FN:49,(anonymous_2)
FN:51,(anonymous_3)
FN:57,(anonymous_4)
FNF:5
FNH:3
FNDA:4,(anonymous_0)
FNDA:0,handleCategorySelect
FNDA:24,(anonymous_2)
FNDA:0,(anonymous_3)
FNDA:20,(anonymous_4)
DA:27,1
DA:36,0
DA:39,4
DA:50,24
DA:51,0
DA:57,20
LF:6
LH:4
BRF:0
BRH:0
end_of_record
TN:
SF:src/screens/Dashboard/index.tsx
FN:44,(anonymous_0)
FN:51,getLastTransactionDate
FN:53,(anonymous_2)
FN:61,(anonymous_3)
FN:66,loadTransactions
FN:74,(anonymous_5)
FN:118,(anonymous_6)
FN:122,(anonymous_7)
FN:170,(anonymous_8)
FN:172,(anonymous_9)
FNF:10
FNH:0
FNDA:0,(anonymous_0)
FNDA:0,getLastTransactionDate
FNDA:0,(anonymous_2)
FNDA:0,(anonymous_3)
FNDA:0,loadTransactions
FNDA:0,(anonymous_5)
FNDA:0,(anonymous_6)
FNDA:0,(anonymous_7)
FNDA:0,(anonymous_8)
FNDA:0,(anonymous_9)
DA:44,0
DA:45,0
DA:46,0
DA:47,0
DA:48,0
DA:49,0
DA:52,0
DA:53,0
DA:55,0
DA:56,0
DA:60,0
DA:61,0
DA:63,0
DA:67,0
DA:68,0
DA:69,0
DA:71,0
DA:72,0
DA:74,0
DA:75,0
DA:76,0
DA:78,0
DA:81,0
DA:83,0
DA:84,0
DA:86,0
DA:87,0
DA:88,0
DA:89,0
DA:91,0
DA:92,0
DA:115,0
DA:118,0
DA:119,0
DA:122,0
DA:123,0
DA:126,0
DA:170,0
DA:172,0
LF:39
LH:0
BRDA:55,0,0,0
BRDA:55,0,1,0
BRDA:69,1,0,0
BRDA:69,1,1,0
BRDA:75,2,0,0
BRDA:75,2,1,0
BRDA:89,3,0,0
BRDA:89,3,1,0
BRDA:98,4,0,0
BRDA:98,4,1,0
BRDA:105,5,0,0
BRDA:105,5,1,0
BRDA:128,6,0,0
BRDA:128,6,1,0
BRF:14
BRH:0
end_of_record
TN:
SF:src/screens/Profile/index.tsx
FN:5,Profile
FN:23,(anonymous_1)
FNF:2
FNH:1
FNDA:3,Profile
FNDA:0,(anonymous_1)
DA:6,3
LF:1
LH:1
BRF:0
BRH:0
end_of_record
TN:
SF:src/screens/Register/index.tsx
FN:27,Register
FN:46,handleTransactionsTypeSelect
FN:50,handleOpenSelectCategoryModal
FN:54,handleCloseSelectCategoryModal
FN:58,handleRegister
FN:100,(anonymous_5)
FN:101,loadData
FN:139,(anonymous_7)
FN:145,(anonymous_8)
FNF:9
FNH:4
FNDA:6,Register
FNDA:0,handleTransactionsTypeSelect
FNDA:2,handleOpenSelectCategoryModal
FNDA:0,handleCloseSelectCategoryModal
FNDA:0,handleRegister
FNDA:2,(anonymous_5)
FNDA:2,loadData
FNDA:0,(anonymous_7)
FNDA:0,(anonymous_8)
DA:28,6
DA:29,6
DA:30,6
DA:31,6
DA:32,6
DA:36,6
DA:41,6
DA:47,0
DA:51,2
DA:55,0
DA:59,0
DA:60,0
DA:62,0
DA:63,0
DA:65,0
DA:74,0
DA:75,0
DA:76,0
DA:77,0
DA:82,0
DA:83,0
DA:84,0
DA:85,0
DA:89,0
DA:92,0
DA:96,6
DA:100,6
DA:102,2
DA:103,2
DA:105,2
DA:109,6
DA:139,0
DA:145,0
LF:33
LH:14
BRDA:59,0,0,0
BRDA:59,0,1,0
BRDA:62,1,0,0
BRDA:62,1,1,0
BRDA:76,2,0,0
BRDA:76,2,1,0
BRDA:126,3,0,6
BRDA:126,3,1,0
BRDA:133,4,0,6
BRDA:133,4,1,0
BRF:10
BRH:2
end_of_record
TN:
SF:src/screens/Resume/index.tsx
FN:45,Resume
FN:52,handleChangeDate
FN:63,loadData
FN:68,(anonymous_3)
FN:72,(anonymous_4)
FN:77,(anonymous_5)
FN:81,(anonymous_6)
FN:108,(anonymous_7)
FN:131,(anonymous_8)
FN:135,(anonymous_9)
FN:144,(anonymous_10)
FN:158,(anonymous_11)
FNF:12
FNH:0
FNDA:0,Resume
FNDA:0,handleChangeDate
FNDA:0,loadData
FNDA:0,(anonymous_3)
FNDA:0,(anonymous_4)
FNDA:0,(anonymous_5)
FNDA:0,(anonymous_6)
FNDA:0,(anonymous_7)
FNDA:0,(anonymous_8)
FNDA:0,(anonymous_9)
FNDA:0,(anonymous_10)
FNDA:0,(anonymous_11)
DA:46,0
DA:47,0
DA:48,0
DA:49,0
DA:50,0
DA:53,0
DA:54,0
DA:55,0
DA:58,0
DA:59,0
DA:64,0
DA:65,0
DA:66,0
DA:67,0
DA:68,0
DA:72,0
DA:73,0
DA:76,0
DA:77,0
DA:79,0
DA:81,0
DA:82,0
DA:83,0
DA:87,0
DA:88,0
DA:89,0
DA:91,0
DA:93,0
DA:104,0
DA:105,0
DA:108,0
DA:109,0
DA:112,0
DA:131,0
DA:135,0
DA:144,0
DA:159,0
LF:37
LH:0
BRDA:53,0,0,0
BRDA:53,0,1,0
BRDA:67,1,0,0
BRDA:67,1,1,0
BRDA:68,2,0,0
BRDA:68,2,1,0
BRDA:68,2,2,0
BRDA:82,3,0,0
BRDA:82,3,1,0
BRDA:87,4,0,0
BRDA:87,4,1,0
BRDA:118,5,0,0
BRDA:118,5,1,0
BRF:13
BRH:0
end_of_record
TN:
SF:src/screens/SignIn/index.tsx
FN:25,SignIn
FN:30,handleSignInWithGoogle
FN:43,handleSignInWithApple
FN:84,(anonymous_3)
FNF:4
FNH:0
FNDA:0,SignIn
FNDA:0,handleSignInWithGoogle
FNDA:0,handleSignInWithApple
FNDA:0,(anonymous_3)
DA:26,0
DA:27,0
DA:28,0
DA:31,0
DA:32,0
DA:33,0
DA:36,0
DA:39,0
DA:44,0
DA:45,0
DA:46,0
DA:49,0
DA:52,0
DA:56,0
DA:84,0
LF:15
LH:0
BRDA:80,0,0,0
BRDA:80,0,1,0
BRDA:89,1,0,0
BRDA:89,1,1,0
BRF:4
BRH:0
end_of_record
